<?xml version="1.0" encoding="UTF-8"?>
<testsuite xmlns:xsi="http://www.w3.org/2001/XMLSchema-instance" xsi:noNamespaceSchemaLocation="https://maven.apache.org/surefire/maven-surefire-plugin/xsd/surefire-test-report.xsd" name="groovy.com.github.fourCourse.SecondDemo" time="1.044" tests="1" errors="0" skipped="0" failures="0">
  <properties>
[...]
</properties>
  <testcase name="should get user detail by user name successfully" classname="groovy.com.github.fourCourse.SecondDemo" time="0.897"/>
</testsuite>